0 info it worked if it ends with ok
1 verbose cli [ 'C:\\Program Files\\nodejs\\node.exe',
1 verbose cli   'C:\\Program Files\\nodejs\\node_modules\\npm\\bin\\npm-cli.js',
1 verbose cli   'install',
1 verbose cli   'windows.devices.bluetooth',
1 verbose cli   '--save' ]
2 info using npm@3.10.9
3 info using node@v6.9.2
4 silly loadCurrentTree Starting
5 silly install loadCurrentTree
6 silly install readLocalPackageData
7 silly fetchPackageMetaData windows.devices.bluetooth
8 silly fetchNamedPackageData windows.devices.bluetooth
9 silly mapToRegistry name windows.devices.bluetooth
10 silly mapToRegistry using default registry
11 silly mapToRegistry registry https://registry.npmjs.org/
12 silly mapToRegistry data Result {
12 silly mapToRegistry   raw: 'windows.devices.bluetooth',
12 silly mapToRegistry   scope: null,
12 silly mapToRegistry   escapedName: 'windows.devices.bluetooth',
12 silly mapToRegistry   name: 'windows.devices.bluetooth',
12 silly mapToRegistry   rawSpec: '',
12 silly mapToRegistry   spec: 'latest',
12 silly mapToRegistry   type: 'tag' }
13 silly mapToRegistry uri https://registry.npmjs.org/windows.devices.bluetooth
14 verbose request uri https://registry.npmjs.org/windows.devices.bluetooth
15 verbose request no auth needed
16 info attempt registry request try #1 at 21:39:53
17 verbose request id 32cbb915e2b410be
18 verbose etag "5436cd47-1144"
19 verbose lastModified Thu, 9 Oct 2014 18:00:39 GMT
20 http request GET https://registry.npmjs.org/windows.devices.bluetooth
21 http 304 https://registry.npmjs.org/windows.devices.bluetooth
22 verbose headers { date: 'Thu, 04 Jan 2018 13:39:54 GMT',
22 verbose headers   via: '1.1 varnish',
22 verbose headers   'cache-control': 'max-age=300',
22 verbose headers   etag: '"5436cd47-1144"',
22 verbose headers   age: '77',
22 verbose headers   connection: 'keep-alive',
22 verbose headers   'x-served-by': 'cache-hkg17920-HKG',
22 verbose headers   'x-cache': 'HIT',
22 verbose headers   'x-cache-hits': '1',
22 verbose headers   'x-timer': 'S1515073194.239433,VS0,VE0',
22 verbose headers   vary: 'Accept-Encoding, Accept' }
23 silly get cb [ 304,
23 silly get   { date: 'Thu, 04 Jan 2018 13:39:54 GMT',
23 silly get     via: '1.1 varnish',
23 silly get     'cache-control': 'max-age=300',
23 silly get     etag: '"5436cd47-1144"',
23 silly get     age: '77',
23 silly get     connection: 'keep-alive',
23 silly get     'x-served-by': 'cache-hkg17920-HKG',
23 silly get     'x-cache': 'HIT',
23 silly get     'x-cache-hits': '1',
23 silly get     'x-timer': 'S1515073194.239433,VS0,VE0',
23 silly get     vary: 'Accept-Encoding, Accept' } ]
24 verbose etag https://registry.npmjs.org/windows.devices.bluetooth from cache
25 verbose get saving windows.devices.bluetooth to C:\Users\user\AppData\Roaming\npm-cache\registry.npmjs.org\windows.devices.bluetooth\.cache.json
26 verbose correctMkdir C:\Users\user\AppData\Roaming\npm-cache correctMkdir not in flight; initializing
27 silly install normalizeTree
28 silly loadCurrentTree Finishing
29 silly loadIdealTree Starting
30 silly install loadIdealTree
31 silly cloneCurrentTree Starting
32 silly install cloneCurrentTreeToIdealTree
33 silly cloneCurrentTree Finishing
34 silly loadShrinkwrap Starting
35 silly install loadShrinkwrap
36 silly loadShrinkwrap Finishing
37 silly loadAllDepsIntoIdealTree Starting
38 silly install loadAllDepsIntoIdealTree
39 silly resolveWithNewModule windows.devices.bluetooth@0.1.6 checking installable status
40 silly cache add args [ 'windows.devices.bluetooth', null ]
41 verbose cache add spec windows.devices.bluetooth
42 silly cache add parsed spec Result {
42 silly cache add   raw: 'windows.devices.bluetooth',
42 silly cache add   scope: null,
42 silly cache add   escapedName: 'windows.devices.bluetooth',
42 silly cache add   name: 'windows.devices.bluetooth',
42 silly cache add   rawSpec: '',
42 silly cache add   spec: 'latest',
42 silly cache add   type: 'tag' }
43 silly addNamed windows.devices.bluetooth@latest
44 verbose addNamed "latest" is being treated as a dist-tag for windows.devices.bluetooth
45 info addNameTag [ 'windows.devices.bluetooth', 'latest' ]
46 silly mapToRegistry name windows.devices.bluetooth
47 silly mapToRegistry using default registry
48 silly mapToRegistry registry https://registry.npmjs.org/
49 silly mapToRegistry data Result {
49 silly mapToRegistry   raw: 'windows.devices.bluetooth',
49 silly mapToRegistry   scope: null,
49 silly mapToRegistry   escapedName: 'windows.devices.bluetooth',
49 silly mapToRegistry   name: 'windows.devices.bluetooth',
49 silly mapToRegistry   rawSpec: '',
49 silly mapToRegistry   spec: 'latest',
49 silly mapToRegistry   type: 'tag' }
50 silly mapToRegistry uri https://registry.npmjs.org/windows.devices.bluetooth
51 verbose addNameTag registry:https://registry.npmjs.org/windows.devices.bluetooth not in flight; fetching
52 verbose get https://registry.npmjs.org/windows.devices.bluetooth not expired, no request
53 silly addNameTag next cb for windows.devices.bluetooth with tag latest
54 silly addNamed windows.devices.bluetooth@0.1.6
55 verbose addNamed "0.1.6" is a plain semver version for windows.devices.bluetooth
56 silly cache afterAdd windows.devices.bluetooth@0.1.6
57 verbose afterAdd C:\Users\user\AppData\Roaming\npm-cache\windows.devices.bluetooth\0.1.6\package\package.json not in flight; writing
58 verbose correctMkdir C:\Users\user\AppData\Roaming\npm-cache correctMkdir not in flight; initializing
59 verbose afterAdd C:\Users\user\AppData\Roaming\npm-cache\windows.devices.bluetooth\0.1.6\package\package.json written
60 silly fetchNamedPackageData xpc-connection
61 silly mapToRegistry name xpc-connection
62 silly mapToRegistry using default registry
63 silly mapToRegistry registry https://registry.npmjs.org/
64 silly mapToRegistry data Result {
64 silly mapToRegistry   raw: 'xpc-connection',
64 silly mapToRegistry   scope: null,
64 silly mapToRegistry   escapedName: 'xpc-connection',
64 silly mapToRegistry   name: 'xpc-connection',
64 silly mapToRegistry   rawSpec: '',
64 silly mapToRegistry   spec: 'latest',
64 silly mapToRegistry   type: 'tag' }
65 silly mapToRegistry uri https://registry.npmjs.org/xpc-connection
66 verbose request uri https://registry.npmjs.org/xpc-connection
67 verbose request no auth needed
68 info attempt registry request try #1 at 21:39:54
69 verbose etag "58e6a36a-2ccf"
70 verbose lastModified Thu, 6 Apr 2017 20:22:02 GMT
71 http request GET https://registry.npmjs.org/xpc-connection
72 http 304 https://registry.npmjs.org/xpc-connection
73 verbose headers { date: 'Thu, 04 Jan 2018 13:39:54 GMT',
73 verbose headers   via: '1.1 varnish',
73 verbose headers   'cache-control': 'max-age=300',
73 verbose headers   etag: '"58e6a36a-2ccf"',
73 verbose headers   age: '12647',
73 verbose headers   connection: 'keep-alive',
73 verbose headers   'x-served-by': 'cache-hkg17920-HKG',
73 verbose headers   'x-cache': 'HIT',
73 verbose headers   'x-cache-hits': '1',
73 verbose headers   'x-timer': 'S1515073194.447958,VS0,VE0',
73 verbose headers   vary: 'Accept-Encoding, Accept' }
74 silly get cb [ 304,
74 silly get   { date: 'Thu, 04 Jan 2018 13:39:54 GMT',
74 silly get     via: '1.1 varnish',
74 silly get     'cache-control': 'max-age=300',
74 silly get     etag: '"58e6a36a-2ccf"',
74 silly get     age: '12647',
74 silly get     connection: 'keep-alive',
74 silly get     'x-served-by': 'cache-hkg17920-HKG',
74 silly get     'x-cache': 'HIT',
74 silly get     'x-cache-hits': '1',
74 silly get     'x-timer': 'S1515073194.447958,VS0,VE0',
74 silly get     vary: 'Accept-Encoding, Accept' } ]
75 verbose etag https://registry.npmjs.org/xpc-connection from cache
76 verbose get saving xpc-connection to C:\Users\user\AppData\Roaming\npm-cache\registry.npmjs.org\xpc-connection\.cache.json
77 verbose correctMkdir C:\Users\user\AppData\Roaming\npm-cache correctMkdir not in flight; initializing
78 silly resolveWithNewModule xpc-connection@0.1.4 checking installable status
79 silly loadAllDepsIntoIdealTree Finishing
80 silly loadIdealTree Finishing
81 silly currentTree nodejs-console-app2@0.0.0
81 silly currentTree +-- abbrev@1.1.1
81 silly currentTree +-- ajv@4.11.8
81 silly currentTree +-- ansi-regex@2.1.1
81 silly currentTree +-- aproba@1.2.0
81 silly currentTree +-- are-we-there-yet@1.1.4
81 silly currentTree +-- asn1@0.2.3
81 silly currentTree +-- assert-plus@0.2.0
81 silly currentTree +-- asynckit@0.4.0
81 silly currentTree +-- aws-sign2@0.6.0
81 silly currentTree +-- aws4@1.6.0
81 silly currentTree +-- balanced-match@1.0.0
81 silly currentTree +-- bcrypt-pbkdf@1.0.1
81 silly currentTree +-- bl@1.2.1
81 silly currentTree +-- bleno@0.4.2
81 silly currentTree +-- block-stream@0.0.9
81 silly currentTree +-- bluetooth-hci-socket@0.5.1
81 silly currentTree +-- boom@2.10.1
81 silly currentTree +-- bplist-parser@0.0.6
81 silly currentTree +-- brace-expansion@1.1.8
81 silly currentTree +-- caseless@0.12.0
81 silly currentTree +-- chownr@1.0.1
81 silly currentTree +-- co@4.6.0
81 silly currentTree +-- code-point-at@1.1.0
81 silly currentTree +-- combined-stream@1.0.5
81 silly currentTree +-- concat-map@0.0.1
81 silly currentTree +-- console-control-strings@1.1.0
81 silly currentTree +-- core-util-is@1.0.2
81 silly currentTree +-- cryptiles@2.0.5
81 silly currentTree +-- dashdash@1.14.1
81 silly currentTree | `-- assert-plus@1.0.0
81 silly currentTree +-- debug@2.6.9
81 silly currentTree +-- deep-extend@0.4.2
81 silly currentTree +-- delayed-stream@1.0.0
81 silly currentTree +-- delegates@1.0.0
81 silly currentTree +-- detect-libc@1.0.3
81 silly currentTree +-- ecc-jsbn@0.1.1
81 silly currentTree +-- end-of-stream@1.4.0
81 silly currentTree +-- expand-template@1.1.0
81 silly currentTree +-- extend@3.0.1
81 silly currentTree +-- extsprintf@1.3.0
81 silly currentTree +-- forever-agent@0.6.1
81 silly currentTree +-- form-data@2.1.4
81 silly currentTree +-- fs.realpath@1.0.0
81 silly currentTree +-- fstream-ignore@1.0.5
81 silly currentTree +-- fstream@1.0.11
81 silly currentTree +-- gauge@2.7.4
81 silly currentTree +-- getpass@0.1.7
81 silly currentTree | `-- assert-plus@1.0.0
81 silly currentTree +-- github-from-package@0.0.0
81 silly currentTree +-- glob@7.1.2
81 silly currentTree +-- graceful-fs@4.1.11
81 silly currentTree +-- har-schema@1.0.5
81 silly currentTree +-- har-validator@4.2.1
81 silly currentTree +-- has-unicode@2.0.1
81 silly currentTree +-- hawk@3.1.3
81 silly currentTree +-- hoek@2.16.3
81 silly currentTree +-- http-signature@1.1.1
81 silly currentTree +-- inflight@1.0.6
81 silly currentTree +-- inherits@2.0.3
81 silly currentTree +-- ini@1.3.5
81 silly currentTree +-- is-fullwidth-code-point@1.0.0
81 silly currentTree +-- is-typedarray@1.0.0
81 silly currentTree +-- isarray@1.0.0
81 silly currentTree +-- isstream@0.1.2
81 silly currentTree +-- jsbn@0.1.1
81 silly currentTree +-- json-schema@0.2.3
81 silly currentTree +-- json-stable-stringify@1.0.1
81 silly currentTree +-- json-stringify-safe@5.0.1
81 silly currentTree +-- jsonify@0.0.0
81 silly currentTree +-- jsprim@1.4.1
81 silly currentTree | `-- assert-plus@1.0.0
81 silly currentTree +-- mime-db@1.30.0
81 silly currentTree +-- mime-types@2.1.17
81 silly currentTree +-- minimatch@3.0.4
81 silly currentTree +-- minimist@1.2.0
81 silly currentTree +-- mkdirp@0.5.1
81 silly currentTree | `-- minimist@0.0.8
81 silly currentTree +-- ms@2.0.0
81 silly currentTree +-- nan@2.8.0
81 silly currentTree +-- node-abi@2.1.2
81 silly currentTree +-- node-pre-gyp@0.6.39
81 silly currentTree +-- noop-logger@0.1.1
81 silly currentTree +-- nopt@4.0.1
81 silly currentTree +-- npmlog@4.1.2
81 silly currentTree +-- number-is-nan@1.0.1
81 silly currentTree +-- oauth-sign@0.8.2
81 silly currentTree +-- object-assign@4.1.1
81 silly currentTree +-- once@1.4.0
81 silly currentTree +-- os-homedir@1.0.2
81 silly currentTree +-- os-tmpdir@1.0.2
81 silly currentTree +-- osenv@0.1.4
81 silly currentTree +-- path-is-absolute@1.0.1
81 silly currentTree +-- performance-now@0.2.0
81 silly currentTree +-- prebuild-install@2.4.1
81 silly currentTree +-- process-nextick-args@1.0.7
81 silly currentTree +-- pump@1.0.3
81 silly currentTree +-- punycode@1.4.1
81 silly currentTree +-- qs@6.4.0
81 silly currentTree +-- rc@1.2.2
81 silly currentTree +-- readable-stream@2.3.3
81 silly currentTree +-- request@2.81.0
81 silly currentTree +-- rimraf@2.6.2
81 silly currentTree +-- robotjs@0.4.7
81 silly currentTree +-- safe-buffer@5.1.1
81 silly currentTree +-- semver@5.4.1
81 silly currentTree +-- set-blocking@2.0.0
81 silly currentTree +-- signal-exit@3.0.2
81 silly currentTree +-- simple-get@1.4.3
81 silly currentTree +-- sntp@1.0.9
81 silly currentTree +-- sshpk@1.13.1
81 silly currentTree | `-- assert-plus@1.0.0
81 silly currentTree +-- string_decoder@1.0.3
81 silly currentTree +-- string-width@1.0.2
81 silly currentTree +-- stringstream@0.0.5
81 silly currentTree +-- strip-ansi@3.0.1
81 silly currentTree +-- strip-json-comments@2.0.1
81 silly currentTree +-- tar-fs@1.16.0
81 silly currentTree +-- tar-pack@3.4.1
81 silly currentTree +-- tar-stream@1.5.5
81 silly currentTree +-- tar@2.2.1
81 silly currentTree +-- tough-cookie@2.3.3
81 silly currentTree +-- tunnel-agent@0.6.0
81 silly currentTree +-- tweetnacl@0.14.5
81 silly currentTree +-- uid-number@0.0.6
81 silly currentTree +-- unzip-response@1.0.2
81 silly currentTree +-- usb@1.3.1
81 silly currentTree +-- util-deprecate@1.0.2
81 silly currentTree +-- uuid@3.1.0
81 silly currentTree +-- verror@1.10.0
81 silly currentTree | `-- assert-plus@1.0.0
81 silly currentTree +-- wide-align@1.1.2
81 silly currentTree +-- wrappy@1.0.2
81 silly currentTree `-- xtend@4.0.1
82 silly idealTree nodejs-console-app2@0.0.0
82 silly idealTree +-- abbrev@1.1.1
82 silly idealTree +-- ajv@4.11.8
82 silly idealTree +-- ansi-regex@2.1.1
82 silly idealTree +-- aproba@1.2.0
82 silly idealTree +-- are-we-there-yet@1.1.4
82 silly idealTree +-- asn1@0.2.3
82 silly idealTree +-- assert-plus@0.2.0
82 silly idealTree +-- asynckit@0.4.0
82 silly idealTree +-- aws-sign2@0.6.0
82 silly idealTree +-- aws4@1.6.0
82 silly idealTree +-- balanced-match@1.0.0
82 silly idealTree +-- bcrypt-pbkdf@1.0.1
82 silly idealTree +-- bl@1.2.1
82 silly idealTree +-- bleno@0.4.2
82 silly idealTree +-- block-stream@0.0.9
82 silly idealTree +-- bluetooth-hci-socket@0.5.1
82 silly idealTree +-- boom@2.10.1
82 silly idealTree +-- bplist-parser@0.0.6
82 silly idealTree +-- brace-expansion@1.1.8
82 silly idealTree +-- caseless@0.12.0
82 silly idealTree +-- chownr@1.0.1
82 silly idealTree +-- co@4.6.0
82 silly idealTree +-- code-point-at@1.1.0
82 silly idealTree +-- combined-stream@1.0.5
82 silly idealTree +-- concat-map@0.0.1
82 silly idealTree +-- console-control-strings@1.1.0
82 silly idealTree +-- core-util-is@1.0.2
82 silly idealTree +-- cryptiles@2.0.5
82 silly idealTree +-- dashdash@1.14.1
82 silly idealTree | `-- assert-plus@1.0.0
82 silly idealTree +-- debug@2.6.9
82 silly idealTree +-- deep-extend@0.4.2
82 silly idealTree +-- delayed-stream@1.0.0
82 silly idealTree +-- delegates@1.0.0
82 silly idealTree +-- detect-libc@1.0.3
82 silly idealTree +-- ecc-jsbn@0.1.1
82 silly idealTree +-- end-of-stream@1.4.0
82 silly idealTree +-- expand-template@1.1.0
82 silly idealTree +-- extend@3.0.1
82 silly idealTree +-- extsprintf@1.3.0
82 silly idealTree +-- forever-agent@0.6.1
82 silly idealTree +-- form-data@2.1.4
82 silly idealTree +-- fs.realpath@1.0.0
82 silly idealTree +-- fstream-ignore@1.0.5
82 silly idealTree +-- fstream@1.0.11
82 silly idealTree +-- gauge@2.7.4
82 silly idealTree +-- getpass@0.1.7
82 silly idealTree | `-- assert-plus@1.0.0
82 silly idealTree +-- github-from-package@0.0.0
82 silly idealTree +-- glob@7.1.2
82 silly idealTree +-- graceful-fs@4.1.11
82 silly idealTree +-- har-schema@1.0.5
82 silly idealTree +-- har-validator@4.2.1
82 silly idealTree +-- has-unicode@2.0.1
82 silly idealTree +-- hawk@3.1.3
82 silly idealTree +-- hoek@2.16.3
82 silly idealTree +-- http-signature@1.1.1
82 silly idealTree +-- inflight@1.0.6
82 silly idealTree +-- inherits@2.0.3
82 silly idealTree +-- ini@1.3.5
82 silly idealTree +-- is-fullwidth-code-point@1.0.0
82 silly idealTree +-- is-typedarray@1.0.0
82 silly idealTree +-- isarray@1.0.0
82 silly idealTree +-- isstream@0.1.2
82 silly idealTree +-- jsbn@0.1.1
82 silly idealTree +-- json-schema@0.2.3
82 silly idealTree +-- json-stable-stringify@1.0.1
82 silly idealTree +-- json-stringify-safe@5.0.1
82 silly idealTree +-- jsonify@0.0.0
82 silly idealTree +-- jsprim@1.4.1
82 silly idealTree | `-- assert-plus@1.0.0
82 silly idealTree +-- mime-db@1.30.0
82 silly idealTree +-- mime-types@2.1.17
82 silly idealTree +-- minimatch@3.0.4
82 silly idealTree +-- minimist@1.2.0
82 silly idealTree +-- mkdirp@0.5.1
82 silly idealTree | `-- minimist@0.0.8
82 silly idealTree +-- ms@2.0.0
82 silly idealTree +-- nan@2.8.0
82 silly idealTree +-- node-abi@2.1.2
82 silly idealTree +-- node-pre-gyp@0.6.39
82 silly idealTree +-- noop-logger@0.1.1
82 silly idealTree +-- nopt@4.0.1
82 silly idealTree +-- npmlog@4.1.2
82 silly idealTree +-- number-is-nan@1.0.1
82 silly idealTree +-- oauth-sign@0.8.2
82 silly idealTree +-- object-assign@4.1.1
82 silly idealTree +-- once@1.4.0
82 silly idealTree +-- os-homedir@1.0.2
82 silly idealTree +-- os-tmpdir@1.0.2
82 silly idealTree +-- osenv@0.1.4
82 silly idealTree +-- path-is-absolute@1.0.1
82 silly idealTree +-- performance-now@0.2.0
82 silly idealTree +-- prebuild-install@2.4.1
82 silly idealTree +-- process-nextick-args@1.0.7
82 silly idealTree +-- pump@1.0.3
82 silly idealTree +-- punycode@1.4.1
82 silly idealTree +-- qs@6.4.0
82 silly idealTree +-- rc@1.2.2
82 silly idealTree +-- readable-stream@2.3.3
82 silly idealTree +-- request@2.81.0
82 silly idealTree +-- rimraf@2.6.2
82 silly idealTree +-- robotjs@0.4.7
82 silly idealTree +-- safe-buffer@5.1.1
82 silly idealTree +-- semver@5.4.1
82 silly idealTree +-- set-blocking@2.0.0
82 silly idealTree +-- signal-exit@3.0.2
82 silly idealTree +-- simple-get@1.4.3
82 silly idealTree +-- sntp@1.0.9
82 silly idealTree +-- sshpk@1.13.1
82 silly idealTree | `-- assert-plus@1.0.0
82 silly idealTree +-- string_decoder@1.0.3
82 silly idealTree +-- string-width@1.0.2
82 silly idealTree +-- stringstream@0.0.5
82 silly idealTree +-- strip-ansi@3.0.1
82 silly idealTree +-- strip-json-comments@2.0.1
82 silly idealTree +-- tar-fs@1.16.0
82 silly idealTree +-- tar-pack@3.4.1
82 silly idealTree +-- tar-stream@1.5.5
82 silly idealTree +-- tar@2.2.1
82 silly idealTree +-- tough-cookie@2.3.3
82 silly idealTree +-- tunnel-agent@0.6.0
82 silly idealTree +-- tweetnacl@0.14.5
82 silly idealTree +-- uid-number@0.0.6
82 silly idealTree +-- unzip-response@1.0.2
82 silly idealTree +-- usb@1.3.1
82 silly idealTree +-- util-deprecate@1.0.2
82 silly idealTree +-- uuid@3.1.0
82 silly idealTree +-- verror@1.10.0
82 silly idealTree | `-- assert-plus@1.0.0
82 silly idealTree +-- wide-align@1.1.2
82 silly idealTree +-- windows.devices.bluetooth@0.1.6
82 silly idealTree +-- wrappy@1.0.2
82 silly idealTree `-- xtend@4.0.1
83 silly generateActionsToTake Starting
84 silly install generateActionsToTake
85 silly generateActionsToTake Finishing
86 silly diffTrees action count 1
87 silly diffTrees add windows.devices.bluetooth@0.1.6
88 silly decomposeActions action count 8
89 silly decomposeActions fetch windows.devices.bluetooth@0.1.6
90 silly decomposeActions extract windows.devices.bluetooth@0.1.6
91 silly decomposeActions test windows.devices.bluetooth@0.1.6
92 silly decomposeActions preinstall windows.devices.bluetooth@0.1.6
93 silly decomposeActions build windows.devices.bluetooth@0.1.6
94 silly decomposeActions install windows.devices.bluetooth@0.1.6
95 silly decomposeActions postinstall windows.devices.bluetooth@0.1.6
96 silly decomposeActions finalize windows.devices.bluetooth@0.1.6
97 silly runTopLevelLifecycles Starting
98 silly executeActions Starting
99 silly install executeActions
100 silly doSerial global-install 0
101 silly doParallel fetch 1
102 verbose correctMkdir C:\Users\user\AppData\Roaming\npm-cache\_locks correctMkdir not in flight; initializing
103 verbose lock using C:\Users\user\AppData\Roaming\npm-cache\_locks\staging-7a8f1eb8b2d6c6c3.lock for c:\Users\user\Documents\Visual Studio 2017\Projects\NodejsConsoleApp2\NodejsConsoleApp2\node_modules\.staging
104 silly doParallel extract 1
105 silly extract windows.devices.bluetooth@0.1.6
106 verbose unbuild node_modules\.staging\windows.devices.bluetooth-ae3e5437
107 silly gentlyRm c:\Users\user\Documents\Visual Studio 2017\Projects\NodejsConsoleApp2\NodejsConsoleApp2\node_modules\.staging\windows.devices.bluetooth-ae3e5437 is being purged from base c:\Users\user\Documents\Visual Studio 2017\Projects\NodejsConsoleApp2\NodejsConsoleApp2
108 verbose gentlyRm don't care about contents; nuking c:\Users\user\Documents\Visual Studio 2017\Projects\NodejsConsoleApp2\NodejsConsoleApp2\node_modules\.staging\windows.devices.bluetooth-ae3e5437
109 verbose tar unpack C:\Users\user\AppData\Roaming\npm-cache\windows.devices.bluetooth\0.1.6\package.tgz
110 verbose tar unpacking to c:\Users\user\Documents\Visual Studio 2017\Projects\NodejsConsoleApp2\NodejsConsoleApp2\node_modules\.staging\windows.devices.bluetooth-ae3e5437
111 silly gentlyRm c:\Users\user\Documents\Visual Studio 2017\Projects\NodejsConsoleApp2\NodejsConsoleApp2\node_modules\.staging\windows.devices.bluetooth-ae3e5437 is being purged
112 verbose gentlyRm don't care about contents; nuking c:\Users\user\Documents\Visual Studio 2017\Projects\NodejsConsoleApp2\NodejsConsoleApp2\node_modules\.staging\windows.devices.bluetooth-ae3e5437
113 silly gunzTarPerm modes [ '777', '666' ]
114 silly gunzTarPerm extractEntry package.json
115 silly gunzTarPerm extractEntry .npmignore
116 silly gunzTarPerm extractEntry README.md
117 silly gunzTarPerm extractEntry LICENSE
118 silly gunzTarPerm extractEntry OpaqueWrapper.h
119 silly gunzTarPerm extractEntry CollectionsConverterUtils.cpp
120 silly gunzTarPerm extractEntry NodeRT.Windows.Devices.Bluetooth.cpp
121 silly gunzTarPerm extractEntry NodeRtUtils.cpp
122 silly gunzTarPerm extractEntry NodeRtUtils.h
123 silly gunzTarPerm extractEntry CollectionsConverter.h
124 silly gunzTarPerm extractEntry CollectionsConverterUtils.h
125 silly gunzTarPerm extractEntry CollectionsWrap.h
126 silly gunzTarPerm extractEntry WrapperBase.h
127 silly gunzTarPerm extractEntry binding.gyp
128 silly gunzTarPerm extractEntry common.gypi
129 silly gunzTarPerm extractEntry lib/NodeRT_Windows_Devices_Bluetooth.d.js
130 silly gunzTarPerm extractEntry lib/main.js
131 silly gunzTarPerm extractEntry lib/NodeRT_Windows_Devices_Bluetooth.d.ts
132 silly gunzTarPerm extractEntry node-async.h
133 silly gunzTarPerm extractEntry OpaqueWrapper.cpp
134 silly gentlyRm c:\Users\user\Documents\Visual Studio 2017\Projects\NodejsConsoleApp2\NodejsConsoleApp2\node_modules\.staging\windows.devices.bluetooth-ae3e5437\node_modules is being purged
135 verbose gentlyRm don't care about contents; nuking c:\Users\user\Documents\Visual Studio 2017\Projects\NodejsConsoleApp2\NodejsConsoleApp2\node_modules\.staging\windows.devices.bluetooth-ae3e5437\node_modules
136 silly doParallel preinstall 1
137 silly preinstall windows.devices.bluetooth@0.1.6 c:\Users\user\Documents\Visual Studio 2017\Projects\NodejsConsoleApp2\NodejsConsoleApp2\node_modules\.staging\windows.devices.bluetooth-ae3e5437
138 info lifecycle windows.devices.bluetooth@0.1.6~preinstall: windows.devices.bluetooth@0.1.6
139 silly lifecycle windows.devices.bluetooth@0.1.6~preinstall: no script for preinstall, continuing
140 silly doReverseSerial remove 0
141 silly doSerial move 0
142 silly doSerial finalize 1
143 silly finalize c:\Users\user\Documents\Visual Studio 2017\Projects\NodejsConsoleApp2\NodejsConsoleApp2\node_modules\windows.devices.bluetooth
144 silly doSerial build 1
145 silly build windows.devices.bluetooth@0.1.6
146 info linkStuff windows.devices.bluetooth@0.1.6
147 silly linkStuff windows.devices.bluetooth@0.1.6 has c:\Users\user\Documents\Visual Studio 2017\Projects\NodejsConsoleApp2\NodejsConsoleApp2\node_modules as its parent node_modules
148 verbose linkBins windows.devices.bluetooth@0.1.6
149 verbose linkMans windows.devices.bluetooth@0.1.6
150 silly doSerial global-link 0
151 silly doParallel update-linked 0
152 silly doSerial install 1
153 silly install windows.devices.bluetooth@0.1.6 c:\Users\user\Documents\Visual Studio 2017\Projects\NodejsConsoleApp2\NodejsConsoleApp2\node_modules\.staging\windows.devices.bluetooth-ae3e5437
154 info lifecycle windows.devices.bluetooth@0.1.6~install: windows.devices.bluetooth@0.1.6
155 verbose lifecycle windows.devices.bluetooth@0.1.6~install: unsafe-perm in lifecycle true
156 verbose lifecycle windows.devices.bluetooth@0.1.6~install: PATH: C:\Users\user\AppData\Roaming\nvm\v6.9.2\node_modules\npm\bin\node-gyp-bin;c:\Users\user\Documents\Visual Studio 2017\Projects\NodejsConsoleApp2\NodejsConsoleApp2\node_modules\windows.devices.bluetooth\node_modules\.bin;c:\Users\user\Documents\Visual Studio 2017\Projects\NodejsConsoleApp2\NodejsConsoleApp2\node_modules\.bin;C:\ProgramData\Oracle\Java\javapath;C:\Program Files (x86)\Intel\iCLS Client\;C:\Program Files\Intel\iCLS Client\;C:\Windows\system32;C:\Windows;C:\Windows\System32\Wbem;C:\Windows\System32\WindowsPowerShell\v1.0\;C:\Program Files (x86)\Intel\Intel(R) Management Engine Components\DAL;C:\Program Files\Intel\Intel(R) Management Engine Components\DAL;C:\Program Files (x86)\Intel\Intel(R) Management Engine Components\IPT;C:\Program Files\Intel\Intel(R) Management Engine Components\IPT;C:\Program Files (x86)\NVIDIA Corporation\PhysX\Common;C:\Program Files\MATLAB\R2017a\runtime\win64;C:\Program Files\MATLAB\R2017a\bin;C:\Program Files\Intel\WiFi\bin\;C:\Program Files\Common Files\Intel\WirelessCommon\;C:\WINDOWS\system32;C:\WINDOWS;C:\WINDOWS\System32\Wbem;C:\WINDOWS\System32\WindowsPowerShell\v1.0\;C:\Program Files\Microsoft SQL Server\130\Tools\Binn\;C:\Program Files\dotnet\;C:\Program Files (x86)\Brackets\command;%NVM_HOME%;%NVM_SYMLINK%;C:\Users\user\AppData\Local\Microsoft\WindowsApps;C:\Users\user\AppData\Local\Programs\Python\Python36-32;C:\Users\user\AppData\Local\Programs\Python\Python36-32\Scripts;C:\Users\user\AppData\Roaming\nvm;C:\Program Files\nodejs
157 verbose lifecycle windows.devices.bluetooth@0.1.6~install: CWD: c:\Users\user\Documents\Visual Studio 2017\Projects\NodejsConsoleApp2\NodejsConsoleApp2\node_modules\windows.devices.bluetooth
158 silly lifecycle windows.devices.bluetooth@0.1.6~install: Args: [ '/d /s /c', 'node-gyp rebuild --msvs_version=2013' ]
159 silly lifecycle windows.devices.bluetooth@0.1.6~install: Returned: code: 1  signal: null
160 info lifecycle windows.devices.bluetooth@0.1.6~install: Failed to exec install script
161 verbose unlock done using C:\Users\user\AppData\Roaming\npm-cache\_locks\staging-7a8f1eb8b2d6c6c3.lock for c:\Users\user\Documents\Visual Studio 2017\Projects\NodejsConsoleApp2\NodejsConsoleApp2\node_modules\.staging
162 silly rollbackFailedOptional Starting
163 silly rollbackFailedOptional Finishing
164 silly runTopLevelLifecycles Finishing
165 silly install printInstalled
166 warn optional SKIPPING OPTIONAL DEPENDENCY: xpc-connection@~0.1.4 (node_modules\bleno\node_modules\xpc-connection):
167 warn notsup SKIPPING OPTIONAL DEPENDENCY: Unsupported platform for xpc-connection@0.1.4: wanted {"os":"darwin","arch":"any"} (current: {"os":"win32","arch":"x64"})
168 verbose notsup SKIPPING OPTIONAL DEPENDENCY: Valid OS:    darwin
168 verbose notsup SKIPPING OPTIONAL DEPENDENCY: Valid Arch:  any
168 verbose notsup SKIPPING OPTIONAL DEPENDENCY: Actual OS:   win32
168 verbose notsup SKIPPING OPTIONAL DEPENDENCY: Actual Arch: x64
169 warn nodejs-console-app2@0.0.0 No repository field.
170 verbose If you need help, you may report this error at:
170 verbose     <https://github.com/npm/npm/issues>
171 warn nodejs-console-app2@0.0.0 No license field.
172 verbose If you need help, you may report this error at:
172 verbose     <https://github.com/npm/npm/issues>
173 verbose stack Error: windows.devices.bluetooth@0.1.6 install: `node-gyp rebuild --msvs_version=2013`
173 verbose stack Exit status 1
173 verbose stack     at EventEmitter.<anonymous> (C:\Users\user\AppData\Roaming\nvm\v6.9.2\node_modules\npm\lib\utils\lifecycle.js:255:16)
173 verbose stack     at emitTwo (events.js:106:13)
173 verbose stack     at EventEmitter.emit (events.js:191:7)
173 verbose stack     at ChildProcess.<anonymous> (C:\Users\user\AppData\Roaming\nvm\v6.9.2\node_modules\npm\lib\utils\spawn.js:40:14)
173 verbose stack     at emitTwo (events.js:106:13)
173 verbose stack     at ChildProcess.emit (events.js:191:7)
173 verbose stack     at maybeClose (internal/child_process.js:877:16)
173 verbose stack     at Process.ChildProcess._handle.onexit (internal/child_process.js:226:5)
174 verbose pkgid windows.devices.bluetooth@0.1.6
175 verbose cwd c:\Users\user\Documents\Visual Studio 2017\Projects\NodejsConsoleApp2\NodejsConsoleApp2
176 error Windows_NT 10.0.16299
177 error argv "C:\\Program Files\\nodejs\\node.exe" "C:\\Program Files\\nodejs\\node_modules\\npm\\bin\\npm-cli.js" "install" "windows.devices.bluetooth" "--save"
178 error node v6.9.2
179 error npm  v3.10.9
180 error code ELIFECYCLE
181 error windows.devices.bluetooth@0.1.6 install: `node-gyp rebuild --msvs_version=2013`
181 error Exit status 1
182 error Failed at the windows.devices.bluetooth@0.1.6 install script 'node-gyp rebuild --msvs_version=2013'.
182 error Make sure you have the latest version of node.js and npm installed.
182 error If you do, this is most likely a problem with the windows.devices.bluetooth package,
182 error not with npm itself.
182 error Tell the author that this fails on your system:
182 error     node-gyp rebuild --msvs_version=2013
182 error You can get information on how to open an issue for this project with:
182 error     npm bugs windows.devices.bluetooth
182 error Or if that isn't available, you can get their info via:
182 error     npm owner ls windows.devices.bluetooth
182 error There is likely additional logging output above.
183 verbose exit [ 1, true ]
