Determining if the pthread_create exist failed with the following output:
Change Dir: /home/pi/Desktop/final/NoPenNoGain/main/src/CMakeFiles/CMakeTmp

Run Build Command:"/usr/bin/make" "cmTC_d265d/fast"
/usr/bin/make -f CMakeFiles/cmTC_d265d.dir/build.make CMakeFiles/cmTC_d265d.dir/build
make[1]: Entering directory '/home/pi/Desktop/final/NoPenNoGain/main/src/CMakeFiles/CMakeTmp'
Building C object CMakeFiles/cmTC_d265d.dir/CheckSymbolExists.c.o
/usr/bin/cc     -o CMakeFiles/cmTC_d265d.dir/CheckSymbolExists.c.o   -c /home/pi/Desktop/final/NoPenNoGain/main/src/CMakeFiles/CMakeTmp/CheckSymbolExists.c
Linking C executable cmTC_d265d
/usr/bin/cmake -E cmake_link_script CMakeFiles/cmTC_d265d.dir/link.txt --verbose=1
/usr/bin/cc       CMakeFiles/cmTC_d265d.dir/CheckSymbolExists.c.o  -o cmTC_d265d -rdynamic 
CMakeFiles/cmTC_d265d.dir/CheckSymbolExists.c.o: In function `main':
CheckSymbolExists.c:(.text+0x38): undefined reference to `pthread_create'
collect2: error: ld returned 1 exit status
CMakeFiles/cmTC_d265d.dir/build.make:97: recipe for target 'cmTC_d265d' failed
make[1]: *** [cmTC_d265d] Error 1
make[1]: Leaving directory '/home/pi/Desktop/final/NoPenNoGain/main/src/CMakeFiles/CMakeTmp'
Makefile:126: recipe for target 'cmTC_d265d/fast' failed
make: *** [cmTC_d265d/fast] Error 2

File /home/pi/Desktop/final/NoPenNoGain/main/src/CMakeFiles/CMakeTmp/CheckSymbolExists.c:
/* */
#include <pthread.h>

int main(int argc, char** argv)
{
  (void)argv;
#ifndef pthread_create
  return ((int*)(&pthread_create))[argc];
#else
  (void)argc;
  return 0;
#endif
}

Determining if the function pthread_create exists in the pthreads failed with the following output:
Change Dir: /home/pi/Desktop/final/NoPenNoGain/main/src/CMakeFiles/CMakeTmp

Run Build Command:"/usr/bin/make" "cmTC_5a8f8/fast"
/usr/bin/make -f CMakeFiles/cmTC_5a8f8.dir/build.make CMakeFiles/cmTC_5a8f8.dir/build
make[1]: Entering directory '/home/pi/Desktop/final/NoPenNoGain/main/src/CMakeFiles/CMakeTmp'
Building C object CMakeFiles/cmTC_5a8f8.dir/CheckFunctionExists.c.o
/usr/bin/cc    -DCHECK_FUNCTION_EXISTS=pthread_create   -o CMakeFiles/cmTC_5a8f8.dir/CheckFunctionExists.c.o   -c /usr/share/cmake-3.7/Modules/CheckFunctionExists.c
Linking C executable cmTC_5a8f8
/usr/bin/cmake -E cmake_link_script CMakeFiles/cmTC_5a8f8.dir/link.txt --verbose=1
/usr/bin/cc   -DCHECK_FUNCTION_EXISTS=pthread_create    CMakeFiles/cmTC_5a8f8.dir/CheckFunctionExists.c.o  -o cmTC_5a8f8 -rdynamic -lpthreads 
/usr/bin/ld: cannot find -lpthreads
collect2: error: ld returned 1 exit status
CMakeFiles/cmTC_5a8f8.dir/build.make:97: recipe for target 'cmTC_5a8f8' failed
make[1]: *** [cmTC_5a8f8] Error 1
make[1]: Leaving directory '/home/pi/Desktop/final/NoPenNoGain/main/src/CMakeFiles/CMakeTmp'
Makefile:126: recipe for target 'cmTC_5a8f8/fast' failed
make: *** [cmTC_5a8f8/fast] Error 2


