Determining if the pthread_create exist failed with the following output:
Change Dir: /home/pi/Desktop/final/NoPenNoGain/trackCam_boost/CMakeFiles/CMakeTmp

Run Build Command:"/usr/bin/make" "cmTC_c2cc1/fast"
/usr/bin/make -f CMakeFiles/cmTC_c2cc1.dir/build.make CMakeFiles/cmTC_c2cc1.dir/build
make[1]: Entering directory '/home/pi/Desktop/final/NoPenNoGain/trackCam_boost/CMakeFiles/CMakeTmp'
Building C object CMakeFiles/cmTC_c2cc1.dir/CheckSymbolExists.c.o
/usr/bin/cc     -o CMakeFiles/cmTC_c2cc1.dir/CheckSymbolExists.c.o   -c /home/pi/Desktop/final/NoPenNoGain/trackCam_boost/CMakeFiles/CMakeTmp/CheckSymbolExists.c
Linking C executable cmTC_c2cc1
/usr/bin/cmake -E cmake_link_script CMakeFiles/cmTC_c2cc1.dir/link.txt --verbose=1
/usr/bin/cc       CMakeFiles/cmTC_c2cc1.dir/CheckSymbolExists.c.o  -o cmTC_c2cc1 
CMakeFiles/cmTC_c2cc1.dir/CheckSymbolExists.c.o: In function `main':
CheckSymbolExists.c:(.text+0x38): undefined reference to `pthread_create'
collect2: error: ld returned 1 exit status
CMakeFiles/cmTC_c2cc1.dir/build.make:97: recipe for target 'cmTC_c2cc1' failed
make[1]: *** [cmTC_c2cc1] Error 1
make[1]: Leaving directory '/home/pi/Desktop/final/NoPenNoGain/trackCam_boost/CMakeFiles/CMakeTmp'
Makefile:126: recipe for target 'cmTC_c2cc1/fast' failed
make: *** [cmTC_c2cc1/fast] Error 2

File /home/pi/Desktop/final/NoPenNoGain/trackCam_boost/CMakeFiles/CMakeTmp/CheckSymbolExists.c:
/* */
#include <pthread.h>

int main(int argc, char** argv)
{
  (void)argv;
#ifndef pthread_create
  return ((int*)(&pthread_create))[argc];
#else
  (void)argc;
  return 0;
#endif
}

Determining if the function pthread_create exists in the pthreads failed with the following output:
Change Dir: /home/pi/Desktop/final/NoPenNoGain/trackCam_boost/CMakeFiles/CMakeTmp

Run Build Command:"/usr/bin/make" "cmTC_691e6/fast"
/usr/bin/make -f CMakeFiles/cmTC_691e6.dir/build.make CMakeFiles/cmTC_691e6.dir/build
make[1]: Entering directory '/home/pi/Desktop/final/NoPenNoGain/trackCam_boost/CMakeFiles/CMakeTmp'
Building C object CMakeFiles/cmTC_691e6.dir/CheckFunctionExists.c.o
/usr/bin/cc    -DCHECK_FUNCTION_EXISTS=pthread_create   -o CMakeFiles/cmTC_691e6.dir/CheckFunctionExists.c.o   -c /usr/share/cmake-3.7/Modules/CheckFunctionExists.c
Linking C executable cmTC_691e6
/usr/bin/cmake -E cmake_link_script CMakeFiles/cmTC_691e6.dir/link.txt --verbose=1
/usr/bin/cc   -DCHECK_FUNCTION_EXISTS=pthread_create    CMakeFiles/cmTC_691e6.dir/CheckFunctionExists.c.o  -o cmTC_691e6 -lpthreads 
/usr/bin/ld: cannot find -lpthreads
collect2: error: ld returned 1 exit status
CMakeFiles/cmTC_691e6.dir/build.make:97: recipe for target 'cmTC_691e6' failed
make[1]: *** [cmTC_691e6] Error 1
make[1]: Leaving directory '/home/pi/Desktop/final/NoPenNoGain/trackCam_boost/CMakeFiles/CMakeTmp'
Makefile:126: recipe for target 'cmTC_691e6/fast' failed
make: *** [cmTC_691e6/fast] Error 2


